<?xml version="1.0" encoding="UTF-8"?>
<!-- Generated by org.testng.reporters.JUnitReportReporter -->
<testsuite hostname="GODHEAVEN" failures="0" tests="1" name="runningWithPropertyFile.AcessPropertyFile" time="4.934" errors="0" timestamp="2024-07-31T17:06:26 IST" skipped="0">
  <testcase classname="runningWithPropertyFile.AcessPropertyFile" name="newRecruitent" time="4.934"/>
  <system-out/>
</testsuite> <!-- runningWithPropertyFile.AcessPropertyFile -->
